2018-06-28 14:12:39,718[INFO]:wew
2018-06-28 19:47:52,707[ERROR]:config error
2018-06-28 19:49:04,392[ERROR]:config error
2018-06-28 20:23:26,801[INFO]:config success
2018-06-28 20:24:01,658[INFO]:config success
2018-06-28 20:24:01,672[INFO]:connect success
2018-06-28 20:49:24,531[INFO]:config success
2018-06-28 20:49:24,544[INFO]:connect success
2018-06-28 20:49:45,522[INFO]:config success
2018-06-28 20:49:45,534[INFO]:connect success
2018-06-28 20:58:43,782[INFO]:config success
2018-06-28 20:58:43,796[INFO]:connect success
2018-06-28 21:01:49,499[INFO]:config success
2018-06-28 21:01:49,763[ERROR]:update fail
2018-06-28 21:02:29,969[INFO]:config success
2018-06-28 21:02:29,996[ERROR]:update fail
2018-06-28 21:07:22,954[INFO]:config success
2018-06-28 21:07:22,969[ERROR]:update fail
2018-06-28 21:14:14,566[INFO]:config success
2018-06-28 21:15:10,781[INFO]:config success
2018-06-28 21:16:14,955[INFO]:config success
2018-06-28 21:18:52,462[INFO]:config success
2018-06-28 21:19:44,599[INFO]:config success
2018-06-28 21:20:09,806[INFO]:config success
2018-06-28 21:21:04,740[INFO]:config success
2018-06-28 21:21:43,957[INFO]:config success
2018-06-28 21:22:43,677[INFO]:config success
2018-06-28 21:23:22,725[INFO]:config success
2018-06-28 21:26:23,966[INFO]:config success
2018-06-28 21:26:50,390[INFO]:config success
2018-06-28 21:27:42,230[INFO]:config success
2018-06-28 21:27:42,254[ERROR]:update fail
2018-06-28 21:28:56,236[INFO]:config success
2018-06-28 21:28:56,252[ERROR]:update fail
2018-06-29 08:48:16,305[INFO]:config success
2018-06-29 08:48:16,562[ERROR]:update fail
2018-06-29 08:49:40,280[INFO]:config success
2018-06-29 08:49:40,300[ERROR]:update fail
2018-06-29 08:49:48,555[INFO]:config success
2018-06-29 08:49:48,559[ERROR]:update fail
2018-06-29 08:52:29,834[INFO]:config success
2018-06-29 08:55:01,282[INFO]:config success
2018-06-29 08:55:27,949[INFO]:config success
2018-06-29 08:56:23,203[INFO]:config success
2018-06-29 08:56:23,218[ERROR]:update fail
2018-06-29 08:57:47,920[INFO]:config success
2018-06-29 08:57:47,924[ERROR]:update fail
2018-06-29 10:31:11,060[INFO]:config success
2018-06-29 10:31:11,125[INFO]:connect success
2018-06-29 10:31:11,191[INFO]:config success
2018-06-29 10:31:11,191[ERROR]:update fail
2018-06-29 10:31:11,193[INFO]:config success
2018-06-29 10:35:14,752[INFO]:config success
2018-06-29 10:35:14,765[INFO]:connect success
2018-06-29 10:35:14,770[INFO]:config success
2018-06-29 10:35:14,770[ERROR]:update fail
2018-06-29 10:35:14,773[INFO]:config success
2018-06-29 10:39:27,489[INFO]:config success
2018-06-29 10:39:27,530[INFO]:connect success
2018-06-29 10:40:18,439[INFO]:config success
2018-06-29 10:40:18,543[INFO]:connect success
2018-06-29 10:43:35,435[INFO]:config success
2018-06-29 10:43:35,449[INFO]:connect success
2018-06-29 10:44:44,193[INFO]:config success
2018-06-29 10:44:44,208[INFO]:connect success
2018-06-29 10:46:33,603[INFO]:config success
2018-06-29 10:46:33,615[INFO]:connect success
2018-06-29 10:47:48,527[INFO]:config success
2018-06-29 10:47:48,582[INFO]:connect success
2018-06-29 10:55:04,530[INFO]:config success
2018-06-29 10:55:04,578[INFO]:connect success
2018-06-29 11:35:41,434[INFO]:config success
2018-06-29 11:35:41,453[INFO]:connect success
2018-06-29 11:40:24,767[INFO]:config success
2018-06-29 11:40:24,782[INFO]:connect success
2018-06-29 11:42:03,166[INFO]:config success
2018-06-29 11:42:03,181[INFO]:connect success
2018-06-29 15:00:58,624[INFO]:config success
2018-06-29 15:00:58,638[INFO]:connect success
2018-06-29 15:02:16,146[INFO]:config success
2018-06-29 15:02:16,160[INFO]:connect success
2018-06-29 15:16:21,865[INFO]:config success
2018-06-29 15:16:21,879[INFO]:connect success
2018-06-29 15:17:32,245[INFO]:config success
2018-06-29 15:17:32,259[INFO]:connect success
2018-06-29 15:20:47,628[INFO]:config success
2018-06-29 15:20:47,657[INFO]:connect success
2018-06-29 15:21:10,767[INFO]:config success
2018-06-29 15:21:10,782[INFO]:connect success
2018-06-29 15:22:40,198[INFO]:config success
2018-06-29 15:22:40,215[INFO]:connect success
2018-06-29 15:22:40,217[INFO]:update success
2018-06-29 15:24:14,552[INFO]:config success
2018-06-29 15:24:14,571[INFO]:connect success
2018-06-29 15:24:14,573[INFO]:update success
2018-06-29 15:36:44,096[INFO]:config success
2018-06-29 15:36:44,111[INFO]:connect success
2018-06-29 15:39:31,554[INFO]:config success
2018-06-29 15:39:31,566[INFO]:connect success
2018-06-29 15:39:58,299[INFO]:config success
2018-06-29 15:39:58,313[INFO]:connect success
2018-06-29 15:40:15,936[INFO]:config success
2018-06-29 15:40:15,948[INFO]:connect success
2018-06-29 15:42:00,315[INFO]:config success
2018-06-29 15:42:00,328[INFO]:connect success
2018-06-29 15:44:42,714[INFO]:config success
2018-06-29 15:44:42,727[INFO]:connect success
2018-06-29 15:50:54,000[INFO]:config success
2018-06-29 15:50:54,013[INFO]:connect success
2018-06-29 15:51:21,583[INFO]:config success
2018-06-29 15:51:21,594[INFO]:connect success
2018-06-29 15:51:53,499[INFO]:config success
2018-06-29 15:51:53,511[INFO]:connect success
2018-06-29 15:52:33,151[INFO]:config success
2018-06-29 15:52:33,165[INFO]:connect success
2018-06-29 15:53:55,528[INFO]:config success
2018-06-29 15:53:55,543[INFO]:connect success
2018-06-29 15:54:43,449[INFO]:config success
2018-06-29 15:54:43,465[INFO]:connect success
2018-06-29 15:54:47,223[INFO]:config success
2018-06-29 15:54:47,225[INFO]:connect success
2018-06-29 15:54:47,227[INFO]:update success
2018-06-29 15:56:59,799[INFO]:config success
2018-06-29 15:56:59,813[INFO]:connect success
2018-06-29 16:02:18,292[INFO]:config success
2018-06-29 16:02:18,307[INFO]:connect success
2018-06-29 16:02:29,021[INFO]:config success
2018-06-29 16:02:29,033[INFO]:connect success
2018-06-29 16:03:12,906[INFO]:config success
2018-06-29 16:03:12,909[INFO]:connect success
2018-06-29 16:03:12,911[INFO]:update success
2018-06-29 16:07:15,940[INFO]:config success
2018-06-29 16:07:15,958[INFO]:connect success
2018-06-29 16:09:20,358[INFO]:config success
2018-06-29 16:09:20,371[INFO]:connect success
2018-06-29 16:19:06,491[INFO]:config success
2018-06-29 16:19:06,515[INFO]:connect success
2018-06-29 16:19:25,869[INFO]:config success
2018-06-29 16:19:25,872[INFO]:connect success
2018-06-29 16:19:38,203[INFO]:config success
2018-06-29 16:19:38,205[INFO]:connect success
2018-06-29 16:19:56,714[INFO]:config success
2018-06-29 16:19:56,717[INFO]:connect success
2018-06-29 16:19:56,719[INFO]:update success
2018-06-29 16:20:00,165[INFO]:config success
2018-06-29 16:20:00,168[INFO]:connect success
2018-06-29 16:27:19,433[INFO]:config success
2018-06-29 16:27:19,446[INFO]:connect success
2018-06-29 16:27:39,754[INFO]:config success
2018-06-29 16:27:39,757[INFO]:connect success
2018-06-29 16:27:39,758[INFO]:update success
2018-06-29 16:34:19,061[INFO]:config success
2018-06-29 16:34:19,075[INFO]:connect success
2018-06-29 16:35:04,603[INFO]:config success
2018-06-29 16:35:04,615[INFO]:connect success
2018-06-29 16:35:04,616[INFO]:update success
2018-06-29 16:35:09,867[INFO]:config success
2018-06-29 16:35:09,869[INFO]:connect success
2018-06-29 16:41:16,093[INFO]:config success
2018-06-29 16:41:16,107[INFO]:connect success
2018-06-29 16:41:16,109[INFO]:update success
2018-06-29 16:41:24,586[INFO]:config success
2018-06-29 16:41:24,589[INFO]:connect success
2018-06-29 16:41:30,942[INFO]:config success
2018-06-29 16:41:30,945[INFO]:connect success
2018-06-29 16:49:08,022[INFO]:config success
2018-06-29 16:49:08,039[INFO]:connect success
2018-06-29 16:49:08,040[INFO]:update success
2018-06-29 16:49:10,210[INFO]:config success
2018-06-29 16:49:10,213[INFO]:connect success
2018-06-29 16:49:13,613[INFO]:config success
2018-06-29 16:49:13,618[INFO]:connect success
2018-06-29 16:49:30,256[INFO]:config success
2018-06-29 16:49:30,262[INFO]:connect success
2018-06-29 16:49:36,796[INFO]:config success
2018-06-29 16:49:36,799[INFO]:connect success
2018-06-29 19:07:11,388[INFO]:config success
2018-06-29 19:07:11,492[INFO]:connect success
2018-06-29 19:07:16,743[INFO]:config success
2018-06-29 19:07:16,777[INFO]:connect success
2018-06-29 19:07:16,781[INFO]:update success
2018-06-29 19:07:18,824[INFO]:config success
2018-06-29 19:07:18,827[INFO]:connect success
2018-07-09 10:37:47,158[INFO]:config success
2018-07-09 10:37:47,395[INFO]:connect success
2018-07-09 10:37:55,290[INFO]:config success
2018-07-09 10:37:55,293[INFO]:connect success
2018-07-09 10:37:55,294[INFO]:update success
2018-07-09 10:37:56,491[INFO]:config success
2018-07-09 10:37:56,494[INFO]:connect success
2018-07-09 10:38:01,288[INFO]:config success
2018-07-09 10:38:01,308[INFO]:connect success
